GpSample(AndroidStudio)/app/build/outputs/logs/manifest-merger-debug-report.txt
-- Merging decision tree log ---
manifest
ADDED from src\main\AndroidManifest.xml:2:1-108:12
	package
		ADDED from src\main\AndroidManifest.xml:3:5-25
		INJECTED from src\main\AndroidManifest.xml
		INJECTED from src\main\AndroidManifest.xml
	android:versionName
		ADDED from src\main\AndroidManifest.xml:5:5-30
		INJECTED from src\main\AndroidManifest.xml
		INJECTED from src\main\AndroidManifest.xml
	android:versionCode
		ADDED from src\main\AndroidManifest.xml:4:5-28
		INJECTED from src\main\AndroidManifest.xml
		INJECTED from src\main\AndroidManifest.xml
	xmlns:android
		ADDED from src\main\AndroidManifest.xml:2:11-69
uses-sdk
ADDED from src\main\AndroidManifest.xml:7:5-9:41
MERGED from [GpSample(AndroidStudio):smallchart:unspecified] AndroidManifest.xml:7:5-9:41
MERGED from [com.android.support:appcompat-v7:26.0.0-alpha1] AndroidManifest.xml:21:5-23:78
MERGED from [com.android.support:support-v4:26.0.0-alpha1] AndroidManifest.xml:21:5-23:54
MERGED from [com.android.support:support-media-compat:26.0.0-alpha1] AndroidManifest.xml:21:5-23:63
MERGED from [com.android.support:support-fragment:26.0.0-alpha1] AndroidManifest.xml:21:5-23:60
MERGED from [com.android.support:support-core-ui:26.0.0-alpha1] AndroidManifest.xml:21:5-23:58
MERGED from [com.android.support:support-core-utils:26.0.0-alpha1] AndroidManifest.xml:21:5-23:61
MERGED from [com.android.support:animated-vector-drawable:26.0.0-alpha1] AndroidManifest.xml:20:5-44
MERGED from [com.android.support:support-vector-drawable:26.0.0-alpha1] AndroidManifest.xml:20:5-44
MERGED from [com.android.support:support-compat:26.0.0-alpha1] AndroidManifest.xml:21:5-23:58
	tools:overrideLibrary
		ADDED from [com.android.support:appcompat-v7:26.0.0-alpha1] AndroidManifest.xml:23:9-75
	android:targetSdkVersion
		ADDED from src\main\AndroidManifest.xml:9:9-38
		INJECTED from src\main\AndroidManifest.xml
		INJECTED from src\main\AndroidManifest.xml
	android:minSdkVersion
		ADDED from src\main\AndroidManifest.xml:8:9-35
		INJECTED from src\main\AndroidManifest.xml
		INJECTED from src\main\AndroidManifest.xml
uses-permission#android.permission.READ_PHONE_STATE
ADDED from src\main\AndroidManifest.xml:11:5-75
	android:name
		ADDED from src\main\AndroidManifest.xml:11:22-72
uses-permission#android.permission.ACCESS_WIFI_STATE
ADDED from src\main\AndroidManifest.xml:12:5-76
	android:name
		ADDED from src\main\AndroidManifest.xml:12:22-73
uses-permission#android.permission.INTERNET
ADDED from src\main\AndroidManifest.xml:13:5-67
	android:name
		ADDED from src\main\AndroidManifest.xml:13:22-64
uses-permission#android.permission.BLUETOOTH_ADMIN
ADDED from src\main\AndroidManifest.xml:14:5-74
	android:name
		ADDED from src\main\AndroidManifest.xml:14:22-71
uses-permission#android.permission.BLUETOOTH
ADDED from src\main\AndroidManifest.xml:15:5-68
	android:name
		ADDED from src\main\AndroidManifest.xml:15:22-65
uses-permission#android.hardware.usb.accessory
ADDED from src\main\AndroidManifest.xml:16:5-70
	android:name
		ADDED from src\main\AndroidManifest.xml:16:22-67
uses-permission#android.permission.WAKE_LOCK
ADDED from src\main\AndroidManifest.xml:17:5-68
	android:name
		ADDED from src\main\AndroidManifest.xml:17:22-65
uses-permission#android.permission.ACCESS_NETWORK_STATE
ADDED from src\main\AndroidManifest.xml:18:5-79
	android:name
		ADDED from src\main\AndroidManifest.xml:18:22-76
uses-permission#android.permission.WRITE_EXTERNAL_STORAGE
ADDED from src\main\AndroidManifest.xml:19:5-81
	android:name
		ADDED from src\main\AndroidManifest.xml:19:22-78
uses-permission#android.permission.MOUNT_UNMOUNT_FILESYSTEMS
ADDED from src\main\AndroidManifest.xml:20:5-84
	android:name
		ADDED from src\main\AndroidManifest.xml:20:22-81
uses-permission#android.permission.GET_TASKS
ADDED from src\main\AndroidManifest.xml:21:5-68
	android:name
		ADDED from src\main\AndroidManifest.xml:21:22-65
uses-permission#android.permission.CHANGE_WIFI_STATE
ADDED from src\main\AndroidManifest.xml:22:5-76
	android:name
		ADDED from src\main\AndroidManifest.xml:22:22-73
uses-permission#android.permission.CHANGE_NETWORK_STATE
ADDED from src\main\AndroidManifest.xml:23:5-79
	android:name
		ADDED from src\main\AndroidManifest.xml:23:22-76
uses-permission#android.permission.WRITE_SETTINGS
ADDED from src\main\AndroidManifest.xml:24:5-73
	android:name
		ADDED from src\main\AndroidManifest.xml:24:22-70
uses-permission#android.permission.ACCESS_COARSE_LOCATION
ADDED from src\main\AndroidManifest.xml:25:5-81
	android:name
		ADDED from src\main\AndroidManifest.xml:25:22-78
uses-permission#android.permission.ACCESS_FINE_LOCATION
ADDED from src\main\AndroidManifest.xml:26:5-79
	android:name
		ADDED from src\main\AndroidManifest.xml:26:22-76
uses-feature#android.hardware.usb.host
ADDED from src\main\AndroidManifest.xml:28:5-62
	android:name
		ADDED from src\main\AndroidManifest.xml:28:19-59
uses-permission#android.permission.READ_EXTERNAL_STORAGE
ADDED from src\main\AndroidManifest.xml:30:5-80
	android:name
		ADDED from src\main\AndroidManifest.xml:30:22-77
application
ADDED from src\main\AndroidManifest.xml:32:5-106:19
MERGED from [com.android.support:appcompat-v7:26.0.0-alpha1] AndroidManifest.xml:29:5-20
MERGED from [com.android.support:support-v4:26.0.0-alpha1] AndroidManifest.xml:29:5-20
MERGED from [com.android.support:support-media-compat:26.0.0-alpha1] AndroidManifest.xml:29:5-20
MERGED from [com.android.support:support-fragment:26.0.0-alpha1] AndroidManifest.xml:29:5-20
MERGED from [com.android.support:support-core-ui:26.0.0-alpha1] AndroidManifest.xml:29:5-20
MERGED from [com.android.support:support-core-utils:26.0.0-alpha1] AndroidManifest.xml:29:5-20
MERGED from [com.android.support:animated-vector-drawable:26.0.0-alpha1] AndroidManifest.xml:26:5-20
MERGED from [com.android.support:support-vector-drawable:26.0.0-alpha1] AndroidManifest.xml:26:5-20
MERGED from [com.android.support:support-compat:26.0.0-alpha1] AndroidManifest.xml:29:5-20
	android:label
		ADDED from src\main\AndroidManifest.xml:35:9-41
	android:allowBackup
		ADDED from src\main\AndroidManifest.xml:33:9-35
	android:icon
		ADDED from src\main\AndroidManifest.xml:34:9-42
	android:theme
		ADDED from src\main\AndroidManifest.xml:36:9-40
activity#com.gprinter.sample.MainActivity
ADDED from src\main\AndroidManifest.xml:37:9-41:20
	android:label
		ADDED from src\main\AndroidManifest.xml:39:13-45
	android:name
		ADDED from src\main\AndroidManifest.xml:38:13-60
receiver#com.gprinter.sample.DeviceBootReceiver
ADDED from src\main\AndroidManifest.xml:43:9-47:20
	android:name
		ADDED from src\main\AndroidManifest.xml:43:19-72
intent-filter#android.intent.action.BOOT_COMPLETED
ADDED from src\main\AndroidManifest.xml:44:13-46:29
action#android.intent.action.BOOT_COMPLETED
ADDED from src\main\AndroidManifest.xml:45:17-79
	android:name
		ADDED from src\main\AndroidManifest.xml:45:25-76
activity#com.gprinter.sample.PrinterConnectDialog
ADDED from src\main\AndroidManifest.xml:49:9-67:20
	android:label
		ADDED from src\main\AndroidManifest.xml:52:13-45
	android:configChanges
		ADDED from src\main\AndroidManifest.xml:51:13-74
	android:theme
		ADDED from src\main\AndroidManifest.xml:53:13-55
	android:name
		ADDED from src\main\AndroidManifest.xml:50:13-68
intent-filter#android.hardware.usb.action.USB_DEVICE_ATTACHED
ADDED from src\main\AndroidManifest.xml:54:13-56:29
action#android.hardware.usb.action.USB_DEVICE_ATTACHED
ADDED from src\main\AndroidManifest.xml:55:17-90
	android:name
		ADDED from src\main\AndroidManifest.xml:55:25-87
intent-filter#android.hardware.usb.action.USB_DEVICE_DETACHED
ADDED from src\main\AndroidManifest.xml:57:13-59:29
action#android.hardware.usb.action.USB_DEVICE_DETACHED
ADDED from src\main\AndroidManifest.xml:58:17-90
	android:name
		ADDED from src\main\AndroidManifest.xml:58:25-87
meta-data#android.hardware.usb.action.USB_DEVICE_ATTACHED
ADDED from src\main\AndroidManifest.xml:61:13-63:57
	android:resource
		ADDED from src\main\AndroidManifest.xml:63:17-54
	android:name
		ADDED from src\main\AndroidManifest.xml:62:17-79
meta-data#android.hardware.usb.action.USB_DEVICE_DETACHED
ADDED from src\main\AndroidManifest.xml:64:13-66:57
	android:resource
		ADDED from src\main\AndroidManifest.xml:66:17-54
	android:name
		ADDED from src\main\AndroidManifest.xml:65:17-79
activity#com.gprinter.sample.PortConfigurationActivity
ADDED from src\main\AndroidManifest.xml:69:9-73:59
	android:label
		ADDED from src\main\AndroidManifest.xml:72:13-55
	android:configChanges
		ADDED from src\main\AndroidManifest.xml:71:13-74
	android:theme
		ADDED from src\main\AndroidManifest.xml:73:13-56
	android:name
		ADDED from src\main\AndroidManifest.xml:70:13-73
activity#com.gprinter.sample.BluetoothDeviceList
ADDED from src\main\AndroidManifest.xml:75:9-79:59
	android:label
		ADDED from src\main\AndroidManifest.xml:78:13-58
	android:configChanges
		ADDED from src\main\AndroidManifest.xml:77:13-74
	android:theme
		ADDED from src\main\AndroidManifest.xml:79:13-56
	android:name
		ADDED from src\main\AndroidManifest.xml:76:13-67
activity#com.gprinter.sample.UsbDeviceList
ADDED from src\main\AndroidManifest.xml:81:9-85:59
	android:label
		ADDED from src\main\AndroidManifest.xml:84:13-53
	android:configChanges
		ADDED from src\main\AndroidManifest.xml:83:13-74
	android:theme
		ADDED from src\main\AndroidManifest.xml:85:13-56
	android:name
		ADDED from src\main\AndroidManifest.xml:82:13-61
activity#com.gprinter.sample.CustomerDiaplayActivity
ADDED from src\main\AndroidManifest.xml:86:9-80
	android:name
		ADDED from src\main\AndroidManifest.xml:86:19-77
service#com.gprinter.service.GpPrintService
ADDED from src\main\AndroidManifest.xml:88:9-96:19
	android:enabled
		ADDED from src\main\AndroidManifest.xml:90:13-35
	android:label
		ADDED from src\main\AndroidManifest.xml:92:13-43
	android:exported
		ADDED from src\main\AndroidManifest.xml:91:13-36
	android:name
		ADDED from src\main\AndroidManifest.xml:89:13-63
intent-filter#com.gprinter.aidl.GpPrintService
ADDED from src\main\AndroidManifest.xml:93:13-95:29
action#com.gprinter.aidl.GpPrintService
ADDED from src\main\AndroidManifest.xml:94:17-75
	android:name
		ADDED from src\main\AndroidManifest.xml:94:25-72
service#com.gprinter.service.AllService
ADDED from src\main\AndroidManifest.xml:97:9-67
	android:name
		ADDED from src\main\AndroidManifest.xml:97:18-64
activity#com.gprinter.sample.printZXT.PrintActivity
ADDED from src\main\AndroidManifest.xml:99:9-105:20
	android:name
		ADDED from src\main\AndroidManifest.xml:99:19-76
intent-filter#android.intent.action.MAIN+android.intent.category.LAUNCHER
ADDED from src\main\AndroidManifest.xml:100:13-104:29
action#android.intent.action.MAIN
ADDED from src\main\AndroidManifest.xml:101:17-69
	android:name
		ADDED from src\main\AndroidManifest.xml:101:25-66
category#android.intent.category.LAUNCHER
ADDED from src\main\AndroidManifest.xml:103:17-77
	android:name
		ADDED from src\main\AndroidManifest.xml:103:27-74
meta-data#android.support.VERSION
ADDED from [com.android.support:appcompat-v7:26.0.0-alpha1] AndroidManifest.xml:25:5-27:41
MERGED from [com.android.support:support-v4:26.0.0-alpha1] AndroidManifest.xml:25:5-27:41
MERGED from [com.android.support:support-media-compat:26.0.0-alpha1] AndroidManifest.xml:25:5-27:41
MERGED from [com.android.support:support-fragment:26.0.0-alpha1] AndroidManifest.xml:25:5-27:41
MERGED from [com.android.support:support-core-ui:26.0.0-alpha1] AndroidManifest.xml:25:5-27:41
MERGED from [com.android.support:support-core-utils:26.0.0-alpha1] AndroidManifest.xml:25:5-27:41
MERGED from [com.android.support:animated-vector-drawable:26.0.0-alpha1] AndroidManifest.xml:22:5-24:41
MERGED from [com.android.support:support-vector-drawable:26.0.0-alpha1] AndroidManifest.xml:22:5-24:41
MERGED from [com.android.support:support-compat:26.0.0-alpha1] AndroidManifest.xml:25:5-27:41
	android:value
		ADDED from [com.android.support:appcompat-v7:26.0.0-alpha1] AndroidManifest.xml:27:9-38
	android:name
		ADDED from [com.android.support:appcompat-v7:26.0.0-alpha1] AndroidManifest.xml:26:9-47